Flutter crash report.
Please report a bug at https://github.com/flutter/flutter/issues.

## command

flutter run --machine --dart-define=flutter.inspector.structuredErrors=false -d 58246201-F303-4FBB-99D1-C449C1043038 --devtools-server-address http://127.0.0.1:9100/ --target /Users/gachita/Desktop/test/lib/main.dart

## exception

ShaderCompilerException: ShaderCompilerException: The impellerc utility is missing at "/Users/gachita/Documents/libraries/flutter/bin/cache/artifacts/engine/darwin-x64/impellerc". Run "flutter doctor".



```
#0      ShaderCompiler.compileShader (package:flutter_tools/src/build_system/targets/shader_compiler.dart:171:7)
#1      DevelopmentShaderCompiler.recompileShader (package:flutter_tools/src/build_system/targets/shader_compiler.dart:104:50)
<asynchronous suspension>
```

## flutter doctor

```
[☠] Flutter (the doctor check crashed)
    ✗ Due to an error, the doctor check did not complete. If the error message below is not helpful, please let us know about this issue at https://github.com/flutter/flutter/issues.
    ✗ Exception: Could not find directory at /Users/gachita/Documents/libraries/flutter/bin/cache/dart-sdk/bin/resources/devtools
    • #0      Cache.devToolsVersion (package:flutter_tools/src/cache.dart:384:9)
      #1      _DefaultDoctorValidatorsProvider.validators.<anonymous closure> (package:flutter_tools/src/doctor.dart:127:46)
      #2      FlutterValidator.validate (package:flutter_tools/src/doctor.dart:523:84)
      #3      Doctor.startValidatorTasks.<anonymous closure> (package:flutter_tools/src/doctor.dart:251:72)
      #4      asyncGuard.<anonymous closure> (package:flutter_tools/src/base/async_guard.dart:111:32)
      #5      _rootRun (dart:async/zone.dart:1399:13)
      #6      _CustomZone.run (dart:async/zone.dart:1301:19)
      #7      _runZoned (dart:async/zone.dart:1804:10)
      #8      runZonedGuarded (dart:async/zone.dart:1792:12)
      #9      runZoned (dart:async/zone.dart:1744:12)
      #10     asyncGuard (package:flutter_tools/src/base/async_guard.dart:109:3)
      #11     Doctor.startValidatorTasks (package:flutter_tools/src/doctor.dart:243:9)
      #12     DoctorText._validatorTasks (package:flutter_tools/src/doctor.dart:734:60)
      #13     DoctorText._validatorTasks (package:flutter_tools/src/doctor.dart)
      #14     DoctorText._runDiagnosis (package:flutter_tools/src/doctor.dart:738:53)
      #15     DoctorText.text (package:flutter_tools/src/doctor.dart:730:36)
      #16     DoctorText.text (package:flutter_tools/src/doctor.dart)
      #17     _createLocalCrashReport (package:flutter_tools/runner.dart:233:51)
      #18     _handleToolError (package:flutter_tools/runner.dart:195:31)
      <asynchronous suspension>
      #19     run.<anonymous closure>.<anonymous closure> (package:flutter_tools/runner.dart:114:7)
      <asynchronous suspension>


[✓] Android toolchain - develop for Android devices (Android SDK version 33.0.0)
    • Android SDK at /Users/gachita/Library/Android/sdk
    • Platform android-33, build-tools 33.0.0
    • Java binary at: /Applications/Android Studio.app/Contents/jre/Contents/Home/bin/java
    • Java version OpenJDK Runtime Environment (build 11.0.13+0-b1751.21-8125866)
    • All Android licenses accepted.

[✓] Xcode - develop for iOS and macOS (Xcode 14.3)
    • Xcode at /Applications/Xcode.app/Contents/Developer
    • Build 14E222b
    • CocoaPods version 1.11.3

[✓] Chrome - develop for the web
    • Chrome at /Applications/Google Chrome.app/Contents/MacOS/Google Chrome

[✓] Android Studio (version 2021.3)
    • Android Studio at /Applications/Android Studio.app/Contents
    • Flutter plugin can be installed from:
      🔨 https://plugins.jetbrains.com/plugin/9212-flutter
    • Dart plugin can be installed from:
      🔨 https://plugins.jetbrains.com/plugin/6351-dart
    • Java version OpenJDK Runtime Environment (build 11.0.13+0-b1751.21-8125866)

[✓] VS Code (version 1.81.1)
    • VS Code at /Users/gachita/Documents/Visual Studio Code.app/Contents
    • Flutter extension version 3.70.0

[✓] Connected device (4 available)
    • sdk gphone64 arm64 (mobile) • emulator-5554                        • android-arm64  • Android 13 (API 33) (emulator)
    • iPhone 14 Pro (mobile)      • 58246201-F303-4FBB-99D1-C449C1043038 • ios            • com.apple.CoreSimulator.SimRuntime.iOS-16-4 (simulator)
    • macOS (desktop)             • macos                                • darwin-arm64   • macOS 13.5 22G74 darwin-arm64
    • Chrome (web)                • chrome                               • web-javascript • Google Chrome 116.0.5845.179

[✓] Network resources
    • All expected network resources are available.

! Doctor found issues in 1 category.
```
